<?xml version="1.0" encoding="UTF-8"?>
<!-- Generated by org.testng.reporters.JUnitReportReporter -->
<testsuite hostname="Vakant-PC" failures="0" tests="1" name="Falkenberg.testcases.tests.ValidateNavigationBar" time="4.490" errors="0" timestamp="2021-06-02T14:22:33 CEST" skipped="0">
  <testcase classname="Falkenberg.testcases.tests.ValidateNavigationBar" name="basePageNavigationBar" time="4.490"/>
  <system-out/>
</testsuite> <!-- Falkenberg.testcases.tests.ValidateNavigationBar -->
