<?xml version="1.0" encoding="UTF-8"?>
<!-- Generated by org.testng.reporters.JUnitReportReporter -->
<testsuite hostname="Vakant-PC" failures="0" tests="2" name="Falkenberg.testcases.tests.HomePage" time="44.094" errors="0" timestamp="2021-06-02T19:26:38 CEST" skipped="0">
  <testcase classname="Falkenberg.testcases.tests.HomePage" name="basePageNavigation" time="17.681"/>
  <system-out/>
  <testcase classname="Falkenberg.testcases.tests.HomePage" name="basePageNavigation" time="26.413"/>
  <system-out/>
</testsuite> <!-- Falkenberg.testcases.tests.HomePage -->
