<?xml version="1.0" encoding="UTF-8"?>
<!-- Generated by org.testng.reporters.JUnitReportReporter -->
<testsuite hostname="Vakant-PC" failures="0" tests="1" name="Falkenberg.testcases.tests.ValidatTitle" time="0.183" errors="0" timestamp="2021-06-02T22:53:06 CEST" skipped="0">
  <testcase classname="Falkenberg.testcases.tests.ValidatTitle" name="basePageValidation" time="0.183"/>
  <system-out/>
</testsuite> <!-- Falkenberg.testcases.tests.ValidatTitle -->
