<?xml version="1.0" encoding="UTF-8"?>
<!-- Generated by org.testng.reporters.JUnitReportReporter -->
<testsuite skipped="0" hostname="Vakant-PC" name="Falkenberg.testcases.tests.HomePage" tests="2" failures="0" timestamp="2021-06-02T21:45:39 CEST" time="66.314" errors="0">
  <testcase name="basePageNavigation" time="38.018" classname="Falkenberg.testcases.tests.HomePage"/>
  <system-out/>
  <testcase name="basePageNavigation" time="28.296" classname="Falkenberg.testcases.tests.HomePage"/>
  <system-out/>
</testsuite> <!-- Falkenberg.testcases.tests.HomePage -->
