<?xml version="1.0" encoding="UTF-8"?>
<!-- Generated by org.testng.reporters.JUnitReportReporter -->
<testsuite skipped="0" hostname="Vakant-PC" name="Falkenberg.testcases.tests.ValidatTitle" tests="1" failures="0" timestamp="2021-06-02T21:45:39 CEST" time="0.545" errors="0">
  <testcase name="basePageValidation" time="0.545" classname="Falkenberg.testcases.tests.ValidatTitle"/>
  <system-out/>
</testsuite> <!-- Falkenberg.testcases.tests.ValidatTitle -->
