<?xml version="1.0" encoding="UTF-8"?>
<!-- Generated by org.testng.reporters.JUnitReportReporter -->
<testsuite skipped="0" hostname="Vakant-PC" name="Falkenberg.testcases.tests.ValidateNavigationBar" tests="1" failures="0" timestamp="2021-06-02T21:45:39 CEST" time="3.680" errors="0">
  <testcase name="basePageNavigationBar" time="3.680" classname="Falkenberg.testcases.tests.ValidateNavigationBar"/>
  <system-out/>
</testsuite> <!-- Falkenberg.testcases.tests.ValidateNavigationBar -->
